<?xml version="1.0" encoding="UTF-8"?>
<!-- Generated by org.testng.reporters.JUnitReportReporter -->
<testsuite hostname="Naveen" failures="0" tests="1" name="org.fis.FisSample.apiAutomation" time="2.193" errors="0" timestamp="8 Jan 2025 18:07:03 GMT">
  <testcase classname="org.fis.FisSample.apiAutomation" name="testGetCurrentPrice" time="2.193"/>
</testsuite> <!-- org.fis.FisSample.apiAutomation -->
